[debug] [2020-12-27T09:51:11.218Z] ----------------------------------------------------------------------
[debug] [2020-12-27T09:51:11.220Z] Command:       /usr/local/bin/node /usr/local/bin/firebase emulators:start
[debug] [2020-12-27T09:51:11.220Z] CLI Version:   9.1.0
[debug] [2020-12-27T09:51:11.220Z] Platform:      darwin
[debug] [2020-12-27T09:51:11.220Z] Node Version:  v12.18.4
[debug] [2020-12-27T09:51:11.221Z] Time:          Sun Dec 27 2020 01:51:11 GMT-0800 (Pacific Standard Time)
[debug] [2020-12-27T09:51:11.221Z] ----------------------------------------------------------------------
[debug] [2020-12-27T09:51:11.221Z] 
[debug] [2020-12-27T09:51:11.230Z] > command requires scopes: ["email","openid","https://www.googleapis.com/auth/cloudplatformprojects.readonly","https://www.googleapis.com/auth/firebase","https://www.googleapis.com/auth/cloud-platform"]
[debug] [2020-12-27T09:51:11.233Z] > authorizing via signed-in user
[info] i  emulators: Starting emulators: auth, functions, hosting {"metadata":{"emulator":{"name":"hub"},"message":"Starting emulators: auth, functions, hosting"}}
[debug] [2020-12-27T09:51:11.248Z] [hub] writing locator at /var/folders/m9/70yzl3rx35jc7j3hk747qzrh0000gn/T/hub-clone-d0cd5.json
[warn] ⚠  functions: The following emulators are not running, calls to these services from the Functions emulator will affect production: firestore, database, pubsub {"metadata":{"emulator":{"name":"functions"},"message":"The following emulators are not running, calls to these services from the Functions emulator will affect production: \u001b[1mfirestore, database, pubsub\u001b[22m"}}
[info] ✔  functions: Using node@12 from host. {"metadata":{"emulator":{"name":"functions"},"message":"Using node@12 from host."}}
[debug] [2020-12-27T09:51:11.275Z] defaultcredentials: writing to file /Users/navidvalid/.config/firebase/mohammadnavid19_gmail_com_application_default_credentials.json
[debug] [2020-12-27T09:51:11.278Z] Setting GAC to /Users/navidvalid/.config/firebase/mohammadnavid19_gmail_com_application_default_credentials.json {"metadata":{"emulator":{"name":"functions"},"message":"Setting GAC to /Users/navidvalid/.config/firebase/mohammadnavid19_gmail_com_application_default_credentials.json"}}
[debug] [2020-12-27T09:51:13.610Z] > refreshing access token with scopes: ["email","https://www.googleapis.com/auth/cloud-platform","https://www.googleapis.com/auth/cloudplatformprojects.readonly","https://www.googleapis.com/auth/firebase","openid"]
[debug] [2020-12-27T09:51:13.611Z] >>> HTTP REQUEST POST https://www.googleapis.com/oauth2/v3/token  
 <request body omitted>
[debug] [2020-12-27T09:51:13.776Z] <<< HTTP RESPONSE 200 {"date":"Sun, 27 Dec 2020 09:51:13 GMT","cache-control":"no-cache, no-store, max-age=0, must-revalidate","expires":"Mon, 01 Jan 1990 00:00:00 GMT","pragma":"no-cache","content-type":"application/json; charset=utf-8","vary":"X-Origin, Referer, Origin,Accept-Encoding","server":"scaffolding on HTTPServer2","x-xss-protection":"0","x-frame-options":"SAMEORIGIN","x-content-type-options":"nosniff","alt-svc":"h3-29=\":443\"; ma=2592000,h3-T051=\":443\"; ma=2592000,h3-Q050=\":443\"; ma=2592000,h3-Q046=\":443\"; ma=2592000,h3-Q043=\":443\"; ma=2592000,quic=\":443\"; ma=2592000; v=\"46,43\"","accept-ranges":"none","transfer-encoding":"chunked"}
[debug] [2020-12-27T09:51:13.804Z] >>> HTTP REQUEST GET https://firebase.googleapis.com/v1beta1/projects/clone-d0cd5/webApps/-/config  
 
[debug] [2020-12-27T09:51:14.287Z] <<< HTTP RESPONSE 200 {"content-type":"application/json; charset=UTF-8","vary":"X-Origin, Referer, Origin,Accept-Encoding","date":"Sun, 27 Dec 2020 09:51:14 GMT","server":"ESF","cache-control":"private","x-xss-protection":"0","x-frame-options":"SAMEORIGIN","x-content-type-options":"nosniff","alt-svc":"h3-29=\":443\"; ma=2592000,h3-T051=\":443\"; ma=2592000,h3-Q050=\":443\"; ma=2592000,h3-Q046=\":443\"; ma=2592000,h3-Q043=\":443\"; ma=2592000,quic=\":443\"; ma=2592000; v=\"46,43\"","accept-ranges":"none","transfer-encoding":"chunked"}
[info] i  hosting: Serving hosting files from: build {"metadata":{"emulator":{"name":"hosting"},"message":"Serving hosting files from: \u001b[1mbuild\u001b[22m"}}
[info] ✔  hosting: Local server: http://localhost:5000 {"metadata":{"emulator":{"name":"hosting"},"message":"Local server: \u001b[4m\u001b[1mhttp://localhost:5000\u001b[22m\u001b[24m"}}
[debug] [2020-12-27T09:51:14.607Z] Ignoring unsupported arg: auto_download {"metadata":{"emulator":{"name":"ui"},"message":"Ignoring unsupported arg: auto_download"}}
[debug] [2020-12-27T09:51:14.607Z] Ignoring unsupported arg: port {"metadata":{"emulator":{"name":"ui"},"message":"Ignoring unsupported arg: port"}}
[debug] [2020-12-27T09:51:14.608Z] Starting Emulator UI with command {"binary":"node","args":["/Users/navidvalid/.cache/firebase/emulators/ui-v1.4.1/server.bundle.js"],"optionalArgs":[],"joinArgs":false} {"metadata":{"emulator":{"name":"ui"},"message":"Starting Emulator UI with command {\"binary\":\"node\",\"args\":[\"/Users/navidvalid/.cache/firebase/emulators/ui-v1.4.1/server.bundle.js\"],\"optionalArgs\":[],\"joinArgs\":false}"}}
[info] i  ui: Emulator UI logging to ui-debug.log {"metadata":{"emulator":{"name":"ui"},"message":"Emulator UI logging to \u001b[1mui-debug.log\u001b[22m"}}
[debug] [2020-12-27T09:51:14.698Z] Web / API server started at http://localhost:4000
 {"metadata":{"emulator":{"name":"ui"},"message":"Web / API server started at http://localhost:4000\n"}}
[info] i  functions: Watching "/Users/navidvalid/Desktop/My Projects/amazon-clone/functions" for Cloud Functions... {"metadata":{"emulator":{"name":"functions"},"message":"Watching \"/Users/navidvalid/Desktop/My Projects/amazon-clone/functions\" for Cloud Functions..."}}
[debug] [2020-12-27T09:51:14.891Z] [worker-pool] addWorker(~diagnostic~) {"metadata":{"emulator":{"name":"functions"},"message":"[worker-pool] addWorker(~diagnostic~)"}}
[debug] [2020-12-27T09:51:14.891Z] [worker-pool] Adding worker with key ~diagnostic~, total=1 {"metadata":{"emulator":{"name":"functions"},"message":"[worker-pool] Adding worker with key ~diagnostic~, total=1"}}
[debug] [2020-12-27T09:51:14.891Z] [worker-pool] submitWork(triggerId=) {"metadata":{"emulator":{"name":"functions"},"message":"[worker-pool] submitWork(triggerId=)"}}
[debug] [2020-12-27T09:51:14.892Z] [worker-~diagnostic~-472ce1f4-1446-42fd-871f-f17bfc41571e]: Assigning socketPath: /var/folders/m9/70yzl3rx35jc7j3hk747qzrh0000gn/T/fire_emu_28288.sock {"metadata":{"emulator":{"name":"functions"},"message":"[worker-~diagnostic~-472ce1f4-1446-42fd-871f-f17bfc41571e]: Assigning socketPath: /var/folders/m9/70yzl3rx35jc7j3hk747qzrh0000gn/T/fire_emu_28288.sock"}}
[debug] [2020-12-27T09:51:14.892Z] [worker-~diagnostic~-472ce1f4-1446-42fd-871f-f17bfc41571e]: BUSY {"metadata":{"emulator":{"name":"functions"},"message":"[worker-~diagnostic~-472ce1f4-1446-42fd-871f-f17bfc41571e]: BUSY"}}
[debug] [2020-12-27T09:51:15.018Z] [runtime-status] [28288] Functions runtime initialized. {"cwd":"/Users/navidvalid/Desktop/My Projects/amazon-clone/functions","node_version":"12.18.4"} {"metadata":{"emulator":{"name":"functions"},"message":"[runtime-status] [28288] Functions runtime initialized. {\"cwd\":\"/Users/navidvalid/Desktop/My Projects/amazon-clone/functions\",\"node_version\":\"12.18.4\"}"}}
[debug] [2020-12-27T09:51:15.019Z] [runtime-status] [28288] Disabled runtime features: undefined {"metadata":{"emulator":{"name":"functions"},"message":"[runtime-status] [28288] Disabled runtime features: undefined"}}
[debug] [2020-12-27T09:51:15.020Z] [runtime-status] [28288] Resolved module firebase-admin {"declared":true,"installed":true,"version":"9.4.2","resolution":"/Users/navidvalid/Desktop/My Projects/amazon-clone/functions/node_modules/firebase-admin/lib/index.js"} {"metadata":{"emulator":{"name":"functions"},"message":"[runtime-status] [28288] Resolved module firebase-admin {\"declared\":true,\"installed\":true,\"version\":\"9.4.2\",\"resolution\":\"/Users/navidvalid/Desktop/My Projects/amazon-clone/functions/node_modules/firebase-admin/lib/index.js\"}"}}
[debug] [2020-12-27T09:51:15.022Z] [runtime-status] [28288] Resolved module firebase-functions {"declared":true,"installed":true,"version":"3.13.0","resolution":"/Users/navidvalid/Desktop/My Projects/amazon-clone/functions/node_modules/firebase-functions/lib/index.js"} {"metadata":{"emulator":{"name":"functions"},"message":"[runtime-status] [28288] Resolved module firebase-functions {\"declared\":true,\"installed\":true,\"version\":\"3.13.0\",\"resolution\":\"/Users/navidvalid/Desktop/My Projects/amazon-clone/functions/node_modules/firebase-functions/lib/index.js\"}"}}
[debug] [2020-12-27T09:51:15.023Z] [runtime-status] [28288] Resolved module firebase-functions {"declared":true,"installed":true,"version":"3.13.0","resolution":"/Users/navidvalid/Desktop/My Projects/amazon-clone/functions/node_modules/firebase-functions/lib/index.js"} {"metadata":{"emulator":{"name":"functions"},"message":"[runtime-status] [28288] Resolved module firebase-functions {\"declared\":true,\"installed\":true,\"version\":\"3.13.0\",\"resolution\":\"/Users/navidvalid/Desktop/My Projects/amazon-clone/functions/node_modules/firebase-functions/lib/index.js\"}"}}
[debug] [2020-12-27T09:51:15.024Z] [runtime-status] [28288] Outgoing network have been stubbed. [{"name":"http","status":"mocked"},{"name":"http","status":"mocked"},{"name":"https","status":"mocked"},{"name":"https","status":"mocked"},{"name":"net","status":"mocked"}] {"metadata":{"emulator":{"name":"functions"},"message":"[runtime-status] [28288] Outgoing network have been stubbed. [{\"name\":\"http\",\"status\":\"mocked\"},{\"name\":\"http\",\"status\":\"mocked\"},{\"name\":\"https\",\"status\":\"mocked\"},{\"name\":\"https\",\"status\":\"mocked\"},{\"name\":\"net\",\"status\":\"mocked\"}]"}}
[debug] [2020-12-27T09:51:15.025Z] [runtime-status] [28288] Resolved module firebase-functions {"declared":true,"installed":true,"version":"3.13.0","resolution":"/Users/navidvalid/Desktop/My Projects/amazon-clone/functions/node_modules/firebase-functions/lib/index.js"} {"metadata":{"emulator":{"name":"functions"},"message":"[runtime-status] [28288] Resolved module firebase-functions {\"declared\":true,\"installed\":true,\"version\":\"3.13.0\",\"resolution\":\"/Users/navidvalid/Desktop/My Projects/amazon-clone/functions/node_modules/firebase-functions/lib/index.js\"}"}}
[debug] [2020-12-27T09:51:15.055Z] [runtime-status] [28288] Checked functions.config() {"config":{}} {"metadata":{"emulator":{"name":"functions"},"message":"[runtime-status] [28288] Checked functions.config() {\"config\":{}}"}}
[debug] [2020-12-27T09:51:15.055Z] [runtime-status] [28288] firebase-functions has been stubbed. {"functionsResolution":{"declared":true,"installed":true,"version":"3.13.0","resolution":"/Users/navidvalid/Desktop/My Projects/amazon-clone/functions/node_modules/firebase-functions/lib/index.js"}} {"metadata":{"emulator":{"name":"functions"},"message":"[runtime-status] [28288] firebase-functions has been stubbed. {\"functionsResolution\":{\"declared\":true,\"installed\":true,\"version\":\"3.13.0\",\"resolution\":\"/Users/navidvalid/Desktop/My Projects/amazon-clone/functions/node_modules/firebase-functions/lib/index.js\"}}"}}
[debug] [2020-12-27T09:51:15.055Z] [runtime-status] [28288] Resolved module firebase-functions {"declared":true,"installed":true,"version":"3.13.0","resolution":"/Users/navidvalid/Desktop/My Projects/amazon-clone/functions/node_modules/firebase-functions/lib/index.js"} {"metadata":{"emulator":{"name":"functions"},"message":"[runtime-status] [28288] Resolved module firebase-functions {\"declared\":true,\"installed\":true,\"version\":\"3.13.0\",\"resolution\":\"/Users/navidvalid/Desktop/My Projects/amazon-clone/functions/node_modules/firebase-functions/lib/index.js\"}"}}
[debug] [2020-12-27T09:51:15.056Z] [runtime-status] [28288] Resolved module firebase-admin {"declared":true,"installed":true,"version":"9.4.2","resolution":"/Users/navidvalid/Desktop/My Projects/amazon-clone/functions/node_modules/firebase-admin/lib/index.js"} {"metadata":{"emulator":{"name":"functions"},"message":"[runtime-status] [28288] Resolved module firebase-admin {\"declared\":true,\"installed\":true,\"version\":\"9.4.2\",\"resolution\":\"/Users/navidvalid/Desktop/My Projects/amazon-clone/functions/node_modules/firebase-admin/lib/index.js\"}"}}
[debug] [2020-12-27T09:51:15.056Z] [runtime-status] [28288] Resolved module firebase-functions {"declared":true,"installed":true,"version":"3.13.0","resolution":"/Users/navidvalid/Desktop/My Projects/amazon-clone/functions/node_modules/firebase-functions/lib/index.js"} {"metadata":{"emulator":{"name":"functions"},"message":"[runtime-status] [28288] Resolved module firebase-functions {\"declared\":true,\"installed\":true,\"version\":\"3.13.0\",\"resolution\":\"/Users/navidvalid/Desktop/My Projects/amazon-clone/functions/node_modules/firebase-functions/lib/index.js\"}"}}
[debug] [2020-12-27T09:51:15.056Z] [runtime-status] [28288] firebase-admin has been stubbed. {"adminResolution":{"declared":true,"installed":true,"version":"9.4.2","resolution":"/Users/navidvalid/Desktop/My Projects/amazon-clone/functions/node_modules/firebase-admin/lib/index.js"}} {"metadata":{"emulator":{"name":"functions"},"message":"[runtime-status] [28288] firebase-admin has been stubbed. {\"adminResolution\":{\"declared\":true,\"installed\":true,\"version\":\"9.4.2\",\"resolution\":\"/Users/navidvalid/Desktop/My Projects/amazon-clone/functions/node_modules/firebase-admin/lib/index.js\"}}"}}
[info] ✔  functions[api]: http function initialized (http://localhost:5001/clone-d0cd5/us-central1/api). {"metadata":{"emulator":{"name":"functions"},"message":"\u001b[1mhttp\u001b[22m function initialized (http://localhost:5001/clone-d0cd5/us-central1/api)."}}
[info] 
┌─────────────────────────────────────────────────────────────┐
│ ✔  All emulators ready! It is now safe to connect your app. │
│ i  View Emulator UI at http://localhost:4000                │
└─────────────────────────────────────────────────────────────┘

┌────────────────┬────────────────┬─────────────────────────────────┐
│ Emulator       │ Host:Port      │ View in Emulator UI             │
├────────────────┼────────────────┼─────────────────────────────────┤
│ Authentication │ localhost:9099 │ http://localhost:4000/auth      │
├────────────────┼────────────────┼─────────────────────────────────┤
│ Functions      │ localhost:5001 │ http://localhost:4000/functions │
├────────────────┼────────────────┼─────────────────────────────────┤
│ Hosting        │ localhost:5000 │ n/a                             │
└────────────────┴────────────────┴─────────────────────────────────┘
  Emulator Hub running at localhost:4400
  Other reserved ports: 4500

Issues? Report them at https://github.com/firebase/firebase-tools/issues and attach the *-debug.log files.
 
[debug] [2020-12-27T09:51:15.145Z] [worker-~diagnostic~-472ce1f4-1446-42fd-871f-f17bfc41571e]: IDLE {"metadata":{"emulator":{"name":"functions"},"message":"[worker-~diagnostic~-472ce1f4-1446-42fd-871f-f17bfc41571e]: IDLE"}}
